Analysis & Synthesis report for DosificadoTintometrico
Tue Mar 09 18:07:40 2021
Quartus II 64-Bit Version 13.0.1 Build 232 06/12/2013 Service Pack 1 SJ Web Edition


---------------------
; Table of Contents ;
---------------------
  1. Legal Notice
  2. Analysis & Synthesis Summary
  3. Analysis & Synthesis Settings
  4. Parallel Compilation
  5. Analysis & Synthesis Source Files Read
  6. Analysis & Synthesis Resource Usage Summary
  7. Analysis & Synthesis Resource Utilization by Entity
  8. State Machine - |Top|FSM:fsm|estado
  9. State Machine - |Top|Temporizador:timer|RGB_count
 10. State Machine - |Top|Driver_teclado:teclado|pulso
 11. Registers Removed During Synthesis
 12. General Register Statistics
 13. Inverted Register Statistics
 14. Multiplexer Restructuring Statistics (Restructuring Performed)
 15. Parameter Settings for User Entity Instance: Clock_Divider:Clk_1ms
 16. Parameter Settings for User Entity Instance: Clock_Divider:Clk_2ms
 17. Parameter Settings for User Entity Instance: Clock_Divider:Clk_800ms
 18. Parameter Settings for User Entity Instance: Driver_teclado:teclado
 19. Parameter Settings for User Entity Instance: Temporizador:timer
 20. Parameter Settings for User Entity Instance: FSM:fsm
 21. Elapsed Time Per Partition
 22. Analysis & Synthesis Messages
 23. Analysis & Synthesis Suppressed Messages



----------------
; Legal Notice ;
----------------
Copyright (C) 1991-2013 Altera Corporation
Your use of Altera Corporation's design tools, logic functions 
and other software and tools, and its AMPP partner logic 
functions, and any output files from any of the foregoing 
(including device programming or simulation files), and any 
associated documentation or information are expressly subject 
to the terms and conditions of the Altera Program License 
Subscription Agreement, Altera MegaCore Function License 
Agreement, or other applicable license agreement, including, 
without limitation, that your use is for the sole purpose of 
programming logic devices manufactured by Altera and sold by 
Altera or its authorized distributors.  Please refer to the 
applicable agreement for further details.



+--------------------------------------------------------------------------------------+
; Analysis & Synthesis Summary                                                         ;
+------------------------------------+-------------------------------------------------+
; Analysis & Synthesis Status        ; Successful - Tue Mar 09 18:07:40 2021           ;
; Quartus II 64-Bit Version          ; 13.0.1 Build 232 06/12/2013 SP 1 SJ Web Edition ;
; Revision Name                      ; DosificadoTintometrico                          ;
; Top-level Entity Name              ; Top                                             ;
; Family                             ; Cyclone II                                      ;
; Total logic elements               ; 257                                             ;
;     Total combinational functions  ; 248                                             ;
;     Dedicated logic registers      ; 131                                             ;
; Total registers                    ; 131                                             ;
; Total pins                         ; 27                                              ;
; Total virtual pins                 ; 0                                               ;
; Total memory bits                  ; 0                                               ;
; Embedded Multiplier 9-bit elements ; 0                                               ;
; Total PLLs                         ; 0                                               ;
+------------------------------------+-------------------------------------------------+


+--------------------------------------------------------------------------------------------------------------------------+
; Analysis & Synthesis Settings                                                                                            ;
+----------------------------------------------------------------------------+--------------------+------------------------+
; Option                                                                     ; Setting            ; Default Value          ;
+----------------------------------------------------------------------------+--------------------+------------------------+
; Device                                                                     ; EP2C5T144C8        ;                        ;
; Top-level entity name                                                      ; Top                ; DosificadoTintometrico ;
; Family name                                                                ; Cyclone II         ; Cyclone IV GX          ;
; Use smart compilation                                                      ; Off                ; Off                    ;
; Enable parallel Assembler and TimeQuest Timing Analyzer during compilation ; On                 ; On                     ;
; Enable compact report table                                                ; Off                ; Off                    ;
; Restructure Multiplexers                                                   ; Auto               ; Auto                   ;
; Create Debugging Nodes for IP Cores                                        ; Off                ; Off                    ;
; Preserve fewer node names                                                  ; On                 ; On                     ;
; Disable OpenCore Plus hardware evaluation                                  ; Off                ; Off                    ;
; Verilog Version                                                            ; Verilog_2001       ; Verilog_2001           ;
; VHDL Version                                                               ; VHDL_1993          ; VHDL_1993              ;
; State Machine Processing                                                   ; Auto               ; Auto                   ;
; Safe State Machine                                                         ; Off                ; Off                    ;
; Extract Verilog State Machines                                             ; On                 ; On                     ;
; Extract VHDL State Machines                                                ; On                 ; On                     ;
; Ignore Verilog initial constructs                                          ; Off                ; Off                    ;
; Iteration limit for constant Verilog loops                                 ; 5000               ; 5000                   ;
; Iteration limit for non-constant Verilog loops                             ; 250                ; 250                    ;
; Add Pass-Through Logic to Inferred RAMs                                    ; On                 ; On                     ;
; Infer RAMs from Raw Logic                                                  ; On                 ; On                     ;
; Parallel Synthesis                                                         ; On                 ; On                     ;
; DSP Block Balancing                                                        ; Auto               ; Auto                   ;
; NOT Gate Push-Back                                                         ; On                 ; On                     ;
; Power-Up Don't Care                                                        ; On                 ; On                     ;
; Remove Redundant Logic Cells                                               ; Off                ; Off                    ;
; Remove Duplicate Registers                                                 ; On                 ; On                     ;
; Ignore CARRY Buffers                                                       ; Off                ; Off                    ;
; Ignore CASCADE Buffers                                                     ; Off                ; Off                    ;
; Ignore GLOBAL Buffers                                                      ; Off                ; Off                    ;
; Ignore ROW GLOBAL Buffers                                                  ; Off                ; Off                    ;
; Ignore LCELL Buffers                                                       ; Off                ; Off                    ;
; Ignore SOFT Buffers                                                        ; On                 ; On                     ;
; Limit AHDL Integers to 32 Bits                                             ; Off                ; Off                    ;
; Optimization Technique                                                     ; Balanced           ; Balanced               ;
; Carry Chain Length                                                         ; 70                 ; 70                     ;
; Auto Carry Chains                                                          ; On                 ; On                     ;
; Auto Open-Drain Pins                                                       ; On                 ; On                     ;
; Perform WYSIWYG Primitive Resynthesis                                      ; Off                ; Off                    ;
; Auto ROM Replacement                                                       ; On                 ; On                     ;
; Auto RAM Replacement                                                       ; On                 ; On                     ;
; Auto Shift Register Replacement                                            ; Auto               ; Auto                   ;
; Allow Shift Register Merging across Hierarchies                            ; Auto               ; Auto                   ;
; Auto Clock Enable Replacement                                              ; On                 ; On                     ;
; Strict RAM Replacement                                                     ; Off                ; Off                    ;
; Allow Synchronous Control Signals                                          ; On                 ; On                     ;
; Force Use of Synchronous Clear Signals                                     ; Off                ; Off                    ;
; Auto RAM to Logic Cell Conversion                                          ; Off                ; Off                    ;
; Auto Resource Sharing                                                      ; Off                ; Off                    ;
; Allow Any RAM Size For Recognition                                         ; Off                ; Off                    ;
; Allow Any ROM Size For Recognition                                         ; Off                ; Off                    ;
; Allow Any Shift Register Size For Recognition                              ; Off                ; Off                    ;
; Use LogicLock Constraints during Resource Balancing                        ; On                 ; On                     ;
; Ignore translate_off and synthesis_off directives                          ; Off                ; Off                    ;
; Timing-Driven Synthesis                                                    ; Off                ; Off                    ;
; Report Parameter Settings                                                  ; On                 ; On                     ;
; Report Source Assignments                                                  ; On                 ; On                     ;
; Report Connectivity Checks                                                 ; On                 ; On                     ;
; Ignore Maximum Fan-Out Assignments                                         ; Off                ; Off                    ;
; Synchronization Register Chain Length                                      ; 2                  ; 2                      ;
; PowerPlay Power Optimization                                               ; Normal compilation ; Normal compilation     ;
; HDL message level                                                          ; Level2             ; Level2                 ;
; Suppress Register Optimization Related Messages                            ; Off                ; Off                    ;
; Number of Removed Registers Reported in Synthesis Report                   ; 5000               ; 5000                   ;
; Number of Swept Nodes Reported in Synthesis Report                         ; 5000               ; 5000                   ;
; Number of Inverted Registers Reported in Synthesis Report                  ; 100                ; 100                    ;
; Clock MUX Protection                                                       ; On                 ; On                     ;
; Auto Gated Clock Conversion                                                ; Off                ; Off                    ;
; Block Design Naming                                                        ; Auto               ; Auto                   ;
; SDC constraint protection                                                  ; Off                ; Off                    ;
; Synthesis Effort                                                           ; Auto               ; Auto                   ;
; Shift Register Replacement - Allow Asynchronous Clear Signal               ; On                 ; On                     ;
; Pre-Mapping Resynthesis Optimization                                       ; Off                ; Off                    ;
; Analysis & Synthesis Message Level                                         ; Medium             ; Medium                 ;
; Disable Register Merging Across Hierarchies                                ; Auto               ; Auto                   ;
; Resource Aware Inference For Block RAM                                     ; On                 ; On                     ;
; Synthesis Seed                                                             ; 1                  ; 1                      ;
+----------------------------------------------------------------------------+--------------------+------------------------+


Parallel compilation was disabled, but you have multiple processors available. Enable parallel compilation to reduce compilation time.
+-------------------------------------+
; Parallel Compilation                ;
+----------------------------+--------+
; Processors                 ; Number ;
+----------------------------+--------+
; Number detected on machine ; 6      ;
; Maximum allowed            ; 1      ;
+----------------------------+--------+


+---------------------------------------------------------------------------------------------------------------------------------------------------------+
; Analysis & Synthesis Source Files Read                                                                                                                  ;
+----------------------------------+-----------------+------------------------+-----------------------------------------------------------------+---------+
; File Name with User-Entered Path ; Used in Netlist ; File Type              ; File Name with Absolute Path                                    ; Library ;
+----------------------------------+-----------------+------------------------+-----------------------------------------------------------------+---------+
; Top.v                            ; yes             ; User Verilog HDL File  ; C:/Users/User/Desktop/Proyecto-Final-TD1/Final/Top.v            ;         ;
; Drv_display.v                    ; yes             ; User Verilog HDL File  ; C:/Users/User/Desktop/Proyecto-Final-TD1/Final/Drv_display.v    ;         ;
; Clock_Divider.v                  ; yes             ; User Verilog HDL File  ; C:/Users/User/Desktop/Proyecto-Final-TD1/Final/Clock_Divider.v  ;         ;
; Hex_7segmentos.v                 ; yes             ; User Verilog HDL File  ; C:/Users/User/Desktop/Proyecto-Final-TD1/Final/Hex_7segmentos.v ;         ;
; Driver_teclado.v                 ; yes             ; User Verilog HDL File  ; C:/Users/User/Desktop/Proyecto-Final-TD1/Final/Driver_teclado.v ;         ;
; Memoria_RGB.v                    ; yes             ; User Verilog HDL File  ; C:/Users/User/Desktop/Proyecto-Final-TD1/Final/Memoria_RGB.v    ;         ;
; Temporizador.v                   ; yes             ; User Verilog HDL File  ; C:/Users/User/Desktop/Proyecto-Final-TD1/Final/Temporizador.v   ;         ;
; FSM.v                            ; yes             ; User Verilog HDL File  ; C:/Users/User/Desktop/Proyecto-Final-TD1/Final/FSM.v            ;         ;
+----------------------------------+-----------------+------------------------+-----------------------------------------------------------------+---------+


+-----------------------------------------------------+
; Analysis & Synthesis Resource Usage Summary         ;
+---------------------------------------------+-------+
; Resource                                    ; Usage ;
+---------------------------------------------+-------+
; Estimated Total logic elements              ; 257   ;
;                                             ;       ;
; Total combinational functions               ; 248   ;
; Logic element usage by number of LUT inputs ;       ;
;     -- 4 input functions                    ; 108   ;
;     -- 3 input functions                    ; 31    ;
;     -- <=2 input functions                  ; 109   ;
;                                             ;       ;
; Logic elements by mode                      ;       ;
;     -- normal mode                          ; 167   ;
;     -- arithmetic mode                      ; 81    ;
;                                             ;       ;
; Total registers                             ; 131   ;
;     -- Dedicated logic registers            ; 131   ;
;     -- I/O registers                        ; 0     ;
;                                             ;       ;
; I/O pins                                    ; 27    ;
; Embedded Multiplier 9-bit elements          ; 0     ;
; Maximum fan-out node                        ; clk   ;
; Maximum fan-out                             ; 89    ;
; Total fan-out                               ; 1158  ;
; Average fan-out                             ; 2.85  ;
+---------------------------------------------+-------+


+-------------------------------------------------------------------------------------------------------------------------------------------------------------------------------------------------------------+
; Analysis & Synthesis Resource Utilization by Entity                                                                                                                                                         ;
+--------------------------------+-------------------+--------------+-------------+--------------+---------+-----------+------+--------------+-------------------------------------------------+--------------+
; Compilation Hierarchy Node     ; LC Combinationals ; LC Registers ; Memory Bits ; DSP Elements ; DSP 9x9 ; DSP 18x18 ; Pins ; Virtual Pins ; Full Hierarchy Name                             ; Library Name ;
+--------------------------------+-------------------+--------------+-------------+--------------+---------+-----------+------+--------------+-------------------------------------------------+--------------+
; |Top                           ; 248 (4)           ; 131 (0)      ; 0           ; 0            ; 0       ; 0         ; 27   ; 0            ; |Top                                            ; work         ;
;    |Clock_Divider:Clk_1ms|     ; 42 (42)           ; 28 (28)      ; 0           ; 0            ; 0       ; 0         ; 0    ; 0            ; |Top|Clock_Divider:Clk_1ms                      ; work         ;
;    |Clock_Divider:Clk_2ms|     ; 43 (43)           ; 28 (28)      ; 0           ; 0            ; 0       ; 0         ; 0    ; 0            ; |Top|Clock_Divider:Clk_2ms                      ; work         ;
;    |Clock_Divider:Clk_800ms|   ; 46 (46)           ; 28 (28)      ; 0           ; 0            ; 0       ; 0         ; 0    ; 0            ; |Top|Clock_Divider:Clk_800ms                    ; work         ;
;    |Driver_teclado:teclado|    ; 28 (28)           ; 11 (11)      ; 0           ; 0            ; 0       ; 0         ; 0    ; 0            ; |Top|Driver_teclado:teclado                     ; work         ;
;    |Drv_display:display|       ; 28 (13)           ; 2 (2)        ; 0           ; 0            ; 0       ; 0         ; 0    ; 0            ; |Top|Drv_display:display                        ; work         ;
;       |Hex_7segmentos:Decoder| ; 15 (15)           ; 0 (0)        ; 0           ; 0            ; 0       ; 0         ; 0    ; 0            ; |Top|Drv_display:display|Hex_7segmentos:Decoder ; work         ;
;    |FSM:fsm|                   ; 9 (9)             ; 5 (5)        ; 0           ; 0            ; 0       ; 0         ; 0    ; 0            ; |Top|FSM:fsm                                    ; work         ;
;    |Memoria_RGB:memoria|       ; 18 (18)           ; 18 (18)      ; 0           ; 0            ; 0       ; 0         ; 0    ; 0            ; |Top|Memoria_RGB:memoria                        ; work         ;
;    |Temporizador:timer|        ; 30 (30)           ; 11 (11)      ; 0           ; 0            ; 0       ; 0         ; 0    ; 0            ; |Top|Temporizador:timer                         ; work         ;
+--------------------------------+-------------------+--------------+-------------+--------------+---------+-----------+------+--------------+-------------------------------------------------+--------------+
Note: For table entries with two numbers listed, the numbers in parentheses indicate the number of resources of the given type used by the specific entity alone. The numbers listed outside of parentheses indicate the total resources of the given type used by the specific entity and all of its sub-entities in the hierarchy.


Encoding Type:  One-Hot
+------------------------------------------------------------------------------------------------+
; State Machine - |Top|FSM:fsm|estado                                                            ;
+----------------+----------------+----------------+---------------+------------+----------------+
; Name           ; estado.carga_B ; estado.carga_Y ; estado.espera ; estado.000 ; estado.carga_R ;
+----------------+----------------+----------------+---------------+------------+----------------+
; estado.000     ; 0              ; 0              ; 0             ; 0          ; 0              ;
; estado.espera  ; 0              ; 0              ; 1             ; 1          ; 0              ;
; estado.carga_R ; 0              ; 0              ; 0             ; 1          ; 1              ;
; estado.carga_Y ; 0              ; 1              ; 0             ; 1          ; 0              ;
; estado.carga_B ; 1              ; 0              ; 0             ; 1          ; 0              ;
+----------------+----------------+----------------+---------------+------------+----------------+


Encoding Type:  One-Hot
+----------------------------------------------------------------------------------------------+
; State Machine - |Top|Temporizador:timer|RGB_count                                            ;
+-------------------+-------------------+-------------------+-------------------+--------------+
; Name              ; RGB_count.G_count ; RGB_count.B_count ; RGB_count.R_count ; RGB_count.00 ;
+-------------------+-------------------+-------------------+-------------------+--------------+
; RGB_count.00      ; 0                 ; 0                 ; 0                 ; 0            ;
; RGB_count.R_count ; 0                 ; 0                 ; 1                 ; 1            ;
; RGB_count.B_count ; 0                 ; 1                 ; 0                 ; 1            ;
; RGB_count.G_count ; 1                 ; 0                 ; 0                 ; 1            ;
+-------------------+-------------------+-------------------+-------------------+--------------+


Encoding Type:  One-Hot
+---------------------------------------------------+
; State Machine - |Top|Driver_teclado:teclado|pulso ;
+----------+----------------------------------------+
; Name     ; pulso.00                               ;
+----------+----------------------------------------+
; pulso.01 ; 0                                      ;
; pulso.00 ; 1                                      ;
+----------+----------------------------------------+


+------------------------------------------------------------+
; Registers Removed During Synthesis                         ;
+---------------------------------------+--------------------+
; Register name                         ; Reason for Removal ;
+---------------------------------------+--------------------+
; FSM:fsm|estado~4                      ; Lost fanout        ;
; FSM:fsm|estado~6                      ; Lost fanout        ;
; Temporizador:timer|RGB_count~8        ; Lost fanout        ;
; Temporizador:timer|RGB_count~9        ; Lost fanout        ;
; Driver_teclado:teclado|pulso~5        ; Lost fanout        ;
; Total Number of Removed Registers = 5 ;                    ;
+---------------------------------------+--------------------+


+------------------------------------------------------+
; General Register Statistics                          ;
+----------------------------------------------+-------+
; Statistic                                    ; Value ;
+----------------------------------------------+-------+
; Total registers                              ; 131   ;
; Number of registers using Synchronous Clear  ; 84    ;
; Number of registers using Synchronous Load   ; 0     ;
; Number of registers using Asynchronous Clear ; 27    ;
; Number of registers using Asynchronous Load  ; 0     ;
; Number of registers using Clock Enable       ; 27    ;
; Number of registers using Preset             ; 0     ;
+----------------------------------------------+-------+


+--------------------------------------------------+
; Inverted Register Statistics                     ;
+----------------------------------------+---------+
; Inverted Register                      ; Fan out ;
+----------------------------------------+---------+
; Memoria_RGB:memoria|u[4]               ; 4       ;
; Memoria_RGB:memoria|c[4]               ; 4       ;
; Memoria_RGB:memoria|d[4]               ; 13      ;
; Total number of inverted registers = 3 ;         ;
+----------------------------------------+---------+


+---------------------------------------------------------------------------------------------------------------------------------------------------+
; Multiplexer Restructuring Statistics (Restructuring Performed)                                                                                    ;
+--------------------+-----------+---------------+----------------------+------------------------+------------+-------------------------------------+
; Multiplexer Inputs ; Bus Width ; Baseline Area ; Area if Restructured ; Saving if Restructured ; Registered ; Example Multiplexer Output          ;
+--------------------+-----------+---------------+----------------------+------------------------+------------+-------------------------------------+
; 8:1                ; 2 bits    ; 10 LEs        ; 4 LEs                ; 6 LEs                  ; Yes        ; |Top|Memoria_RGB:memoria|sel[2]     ;
; 5:1                ; 4 bits    ; 12 LEs        ; 4 LEs                ; 8 LEs                  ; Yes        ; |Top|Memoria_RGB:memoria|c[0]       ;
; 5:1                ; 4 bits    ; 12 LEs        ; 4 LEs                ; 8 LEs                  ; Yes        ; |Top|Memoria_RGB:memoria|d[2]       ;
; 7:1                ; 3 bits    ; 12 LEs        ; 6 LEs                ; 6 LEs                  ; Yes        ; |Top|Temporizador:timer|flags[1]    ;
; 7:1                ; 4 bits    ; 16 LEs        ; 4 LEs                ; 12 LEs                 ; Yes        ; |Top|Temporizador:timer|contador[0] ;
; 4:1                ; 5 bits    ; 10 LEs        ; 10 LEs               ; 0 LEs                  ; No         ; |Top|Drv_display:display|Mux4       ;
; 3:1                ; 2 bits    ; 4 LEs         ; 4 LEs                ; 0 LEs                  ; No         ; |Top|Driver_teclado:teclado|pulso   ;
; 7:1                ; 2 bits    ; 8 LEs         ; 6 LEs                ; 2 LEs                  ; No         ; |Top|Temporizador:timer|Selector5   ;
; 7:1                ; 2 bits    ; 8 LEs         ; 4 LEs                ; 4 LEs                  ; No         ; |Top|Temporizador:timer|Selector4   ;
+--------------------+-----------+---------------+----------------------+------------------------+------------+-------------------------------------+


+--------------------------------------------------------------------+
; Parameter Settings for User Entity Instance: Clock_Divider:Clk_1ms ;
+----------------+-------+-------------------------------------------+
; Parameter Name ; Value ; Type                                      ;
+----------------+-------+-------------------------------------------+
; DIVISOR        ; 50000 ; Signed Integer                            ;
+----------------+-------+-------------------------------------------+
Note: In order to hide this table in the UI and the text report file, please set the "Show Parameter Settings in Synthesis Report" option in "Analysis and Synthesis Settings -> More Settings" to "Off".


+--------------------------------------------------------------------+
; Parameter Settings for User Entity Instance: Clock_Divider:Clk_2ms ;
+----------------+--------+------------------------------------------+
; Parameter Name ; Value  ; Type                                     ;
+----------------+--------+------------------------------------------+
; DIVISOR        ; 100000 ; Signed Integer                           ;
+----------------+--------+------------------------------------------+
Note: In order to hide this table in the UI and the text report file, please set the "Show Parameter Settings in Synthesis Report" option in "Analysis and Synthesis Settings -> More Settings" to "Off".


+----------------------------------------------------------------------+
; Parameter Settings for User Entity Instance: Clock_Divider:Clk_800ms ;
+----------------+----------+------------------------------------------+
; Parameter Name ; Value    ; Type                                     ;
+----------------+----------+------------------------------------------+
; DIVISOR        ; 40000000 ; Signed Integer                           ;
+----------------+----------+------------------------------------------+
Note: In order to hide this table in the UI and the text report file, please set the "Show Parameter Settings in Synthesis Report" option in "Analysis and Synthesis Settings -> More Settings" to "Off".


+---------------------------------------------------------------------+
; Parameter Settings for User Entity Instance: Driver_teclado:teclado ;
+----------------+-------+--------------------------------------------+
; Parameter Name ; Value ; Type                                       ;
+----------------+-------+--------------------------------------------+
; fila_1         ; 0001  ; Unsigned Binary                            ;
; col_1          ; 0001  ; Unsigned Binary                            ;
; fila_2         ; 0010  ; Unsigned Binary                            ;
; col_2          ; 0010  ; Unsigned Binary                            ;
; fila_3         ; 0100  ; Unsigned Binary                            ;
; col_3          ; 0100  ; Unsigned Binary                            ;
; fila_4         ; 1000  ; Unsigned Binary                            ;
; col_4          ; 1000  ; Unsigned Binary                            ;
+----------------+-------+--------------------------------------------+
Note: In order to hide this table in the UI and the text report file, please set the "Show Parameter Settings in Synthesis Report" option in "Analysis and Synthesis Settings -> More Settings" to "Off".


+-----------------------------------------------------------------+
; Parameter Settings for User Entity Instance: Temporizador:timer ;
+----------------+-------+----------------------------------------+
; Parameter Name ; Value ; Type                                   ;
+----------------+-------+----------------------------------------+
; r              ; 10    ; Unsigned Binary                        ;
; g              ; 01    ; Unsigned Binary                        ;
; b              ; 00    ; Unsigned Binary                        ;
; start          ; 00    ; Unsigned Binary                        ;
; R_count        ; 01    ; Unsigned Binary                        ;
; G_count        ; 11    ; Unsigned Binary                        ;
; B_count        ; 10    ; Unsigned Binary                        ;
+----------------+-------+----------------------------------------+
Note: In order to hide this table in the UI and the text report file, please set the "Show Parameter Settings in Synthesis Report" option in "Analysis and Synthesis Settings -> More Settings" to "Off".


+------------------------------------------------------+
; Parameter Settings for User Entity Instance: FSM:fsm ;
+----------------+-------+-----------------------------+
; Parameter Name ; Value ; Type                        ;
+----------------+-------+-----------------------------+
; r              ; 10    ; Unsigned Binary             ;
; g              ; 01    ; Unsigned Binary             ;
; b              ; 00    ; Unsigned Binary             ;
; lectura        ; 000   ; Unsigned Binary             ;
; espera         ; 001   ; Unsigned Binary             ;
; carga_R        ; 011   ; Unsigned Binary             ;
; carga_Y        ; 100   ; Unsigned Binary             ;
; carga_B        ; 101   ; Unsigned Binary             ;
+----------------+-------+-----------------------------+
Note: In order to hide this table in the UI and the text report file, please set the "Show Parameter Settings in Synthesis Report" option in "Analysis and Synthesis Settings -> More Settings" to "Off".


+-------------------------------+
; Elapsed Time Per Partition    ;
+----------------+--------------+
; Partition Name ; Elapsed Time ;
+----------------+--------------+
; Top            ; 00:00:00     ;
+----------------+--------------+


+-------------------------------+
; Analysis & Synthesis Messages ;
+-------------------------------+
Info: *******************************************************************
Info: Running Quartus II 64-Bit Analysis & Synthesis
    Info: Version 13.0.1 Build 232 06/12/2013 Service Pack 1 SJ Web Edition
    Info: Processing started: Tue Mar 09 18:07:38 2021
Info: Command: quartus_map --read_settings_files=on --write_settings_files=off DosificadoTintometrico -c DosificadoTintometrico
Warning (20028): Parallel compilation is not licensed and has been disabled
Info (12021): Found 1 design units, including 1 entities, in source file top.v
    Info (12023): Found entity 1: Top
Info (12021): Found 1 design units, including 1 entities, in source file drv_display.v
    Info (12023): Found entity 1: Drv_display
Info (12021): Found 1 design units, including 1 entities, in source file clock_divider.v
    Info (12023): Found entity 1: Clock_Divider
Info (12021): Found 1 design units, including 1 entities, in source file hex_7segmentos.v
    Info (12023): Found entity 1: Hex_7segmentos
Info (12021): Found 1 design units, including 1 entities, in source file driver_teclado.v
    Info (12023): Found entity 1: Driver_teclado
Info (12021): Found 1 design units, including 1 entities, in source file memoria_rgb.v
    Info (12023): Found entity 1: Memoria_RGB
Info (12021): Found 1 design units, including 1 entities, in source file filtro_rebote.v
    Info (12023): Found entity 1: Filtro_Rebote
Info (12021): Found 1 design units, including 1 entities, in source file temporizador.v
    Info (12023): Found entity 1: Temporizador
Info (12021): Found 1 design units, including 1 entities, in source file fsm.v
    Info (12023): Found entity 1: FSM
Info (12127): Elaborating entity "Top" for the top level hierarchy
Info (12128): Elaborating entity "Clock_Divider" for hierarchy "Clock_Divider:Clk_1ms"
Info (12128): Elaborating entity "Clock_Divider" for hierarchy "Clock_Divider:Clk_2ms"
Info (12128): Elaborating entity "Clock_Divider" for hierarchy "Clock_Divider:Clk_800ms"
Info (12128): Elaborating entity "Driver_teclado" for hierarchy "Driver_teclado:teclado"
Info (10264): Verilog HDL Case Statement information at Driver_teclado.v(50): all case item expressions in this case statement are onehot
Info (10264): Verilog HDL Case Statement information at Driver_teclado.v(60): all case item expressions in this case statement are onehot
Info (10264): Verilog HDL Case Statement information at Driver_teclado.v(70): all case item expressions in this case statement are onehot
Info (10264): Verilog HDL Case Statement information at Driver_teclado.v(80): all case item expressions in this case statement are onehot
Info (12128): Elaborating entity "Memoria_RGB" for hierarchy "Memoria_RGB:memoria"
Info (12128): Elaborating entity "Drv_display" for hierarchy "Drv_display:display"
Info (12128): Elaborating entity "Hex_7segmentos" for hierarchy "Drv_display:display|Hex_7segmentos:Decoder"
Info (12128): Elaborating entity "Temporizador" for hierarchy "Temporizador:timer"
Info (12128): Elaborating entity "FSM" for hierarchy "FSM:fsm"
Info (13000): Registers with preset signals will power-up high
Info (13003): DEV_CLRn pin will set, and not reset, register with preset signal due to NOT Gate Push-Back
Info (17049): 5 registers lost all their fanouts during netlist optimizations.
Info (144001): Generated suppressed messages file C:/Users/User/Desktop/Proyecto-Final-TD1/Final/output_files/DosificadoTintometrico.map.smsg
Info (16010): Generating hard_block partition "hard_block:auto_generated_inst"
    Info (16011): Adding 0 node(s), including 0 DDIO, 0 PLL, 0 transceiver and 0 LCELL
Info (21057): Implemented 284 device resources after synthesis - the final resource count might be different
    Info (21058): Implemented 7 input pins
    Info (21059): Implemented 20 output pins
    Info (21061): Implemented 257 logic cells
Info: Quartus II 64-Bit Analysis & Synthesis was successful. 0 errors, 1 warning
    Info: Peak virtual memory: 4597 megabytes
    Info: Processing ended: Tue Mar 09 18:07:40 2021
    Info: Elapsed time: 00:00:02
    Info: Total CPU time (on all processors): 00:00:01


+------------------------------------------+
; Analysis & Synthesis Suppressed Messages ;
+------------------------------------------+
The suppressed messages can be found in C:/Users/User/Desktop/Proyecto-Final-TD1/Final/output_files/DosificadoTintometrico.map.smsg.


