Analysis & Synthesis report for Dosificador-Tintometrico
Fri Feb 19 22:21:47 2021
Quartus II 64-Bit Version 13.0.1 Build 232 06/12/2013 Service Pack 1 SJ Web Edition


---------------------
; Table of Contents ;
---------------------
  1. Legal Notice
  2. Analysis & Synthesis Summary
  3. Analysis & Synthesis Settings
  4. Parallel Compilation
  5. Analysis & Synthesis Source Files Read
  6. Analysis & Synthesis Resource Usage Summary
  7. Analysis & Synthesis Resource Utilization by Entity
  8. State Machine - |Top|FSM:fsm|estado
  9. State Machine - |Top|Temporizador:timer|RGB_count
 10. Registers Removed During Synthesis
 11. General Register Statistics
 12. Inverted Register Statistics
 13. Multiplexer Restructuring Statistics (Restructuring Performed)
 14. Parameter Settings for User Entity Instance: Driver_teclado:teclado
 15. Parameter Settings for User Entity Instance: Temporizador:timer
 16. Parameter Settings for User Entity Instance: Filtro_Rebote:filtro_enter
 17. Parameter Settings for User Entity Instance: FSM:fsm
 18. Elapsed Time Per Partition
 19. Analysis & Synthesis Messages



----------------
; Legal Notice ;
----------------
Copyright (C) 1991-2013 Altera Corporation
Your use of Altera Corporation's design tools, logic functions 
and other software and tools, and its AMPP partner logic 
functions, and any output files from any of the foregoing 
(including device programming or simulation files), and any 
associated documentation or information are expressly subject 
to the terms and conditions of the Altera Program License 
Subscription Agreement, Altera MegaCore Function License 
Agreement, or other applicable license agreement, including, 
without limitation, that your use is for the sole purpose of 
programming logic devices manufactured by Altera and sold by 
Altera or its authorized distributors.  Please refer to the 
applicable agreement for further details.



+--------------------------------------------------------------------------------------+
; Analysis & Synthesis Summary                                                         ;
+------------------------------------+-------------------------------------------------+
; Analysis & Synthesis Status        ; Successful - Fri Feb 19 22:21:47 2021           ;
; Quartus II 64-Bit Version          ; 13.0.1 Build 232 06/12/2013 SP 1 SJ Web Edition ;
; Revision Name                      ; Dosificador-Tintometrico                        ;
; Top-level Entity Name              ; Top                                             ;
; Family                             ; Cyclone II                                      ;
; Total logic elements               ; 169                                             ;
;     Total combinational functions  ; 162                                             ;
;     Dedicated logic registers      ; 76                                              ;
; Total registers                    ; 76                                              ;
; Total pins                         ; 24                                              ;
; Total virtual pins                 ; 0                                               ;
; Total memory bits                  ; 0                                               ;
; Embedded Multiplier 9-bit elements ; 0                                               ;
; Total PLLs                         ; 0                                               ;
+------------------------------------+-------------------------------------------------+


+----------------------------------------------------------------------------------------------------------------------------+
; Analysis & Synthesis Settings                                                                                              ;
+----------------------------------------------------------------------------+--------------------+--------------------------+
; Option                                                                     ; Setting            ; Default Value            ;
+----------------------------------------------------------------------------+--------------------+--------------------------+
; Device                                                                     ; EP2C5T144C8        ;                          ;
; Top-level entity name                                                      ; Top                ; Dosificador-Tintometrico ;
; Family name                                                                ; Cyclone II         ; Cyclone IV GX            ;
; Use smart compilation                                                      ; Off                ; Off                      ;
; Enable parallel Assembler and TimeQuest Timing Analyzer during compilation ; On                 ; On                       ;
; Enable compact report table                                                ; Off                ; Off                      ;
; Restructure Multiplexers                                                   ; Auto               ; Auto                     ;
; Create Debugging Nodes for IP Cores                                        ; Off                ; Off                      ;
; Preserve fewer node names                                                  ; On                 ; On                       ;
; Disable OpenCore Plus hardware evaluation                                  ; Off                ; Off                      ;
; Verilog Version                                                            ; Verilog_2001       ; Verilog_2001             ;
; VHDL Version                                                               ; VHDL_1993          ; VHDL_1993                ;
; State Machine Processing                                                   ; Auto               ; Auto                     ;
; Safe State Machine                                                         ; Off                ; Off                      ;
; Extract Verilog State Machines                                             ; On                 ; On                       ;
; Extract VHDL State Machines                                                ; On                 ; On                       ;
; Ignore Verilog initial constructs                                          ; Off                ; Off                      ;
; Iteration limit for constant Verilog loops                                 ; 5000               ; 5000                     ;
; Iteration limit for non-constant Verilog loops                             ; 250                ; 250                      ;
; Add Pass-Through Logic to Inferred RAMs                                    ; On                 ; On                       ;
; Infer RAMs from Raw Logic                                                  ; On                 ; On                       ;
; Parallel Synthesis                                                         ; On                 ; On                       ;
; DSP Block Balancing                                                        ; Auto               ; Auto                     ;
; NOT Gate Push-Back                                                         ; On                 ; On                       ;
; Power-Up Don't Care                                                        ; On                 ; On                       ;
; Remove Redundant Logic Cells                                               ; Off                ; Off                      ;
; Remove Duplicate Registers                                                 ; On                 ; On                       ;
; Ignore CARRY Buffers                                                       ; Off                ; Off                      ;
; Ignore CASCADE Buffers                                                     ; Off                ; Off                      ;
; Ignore GLOBAL Buffers                                                      ; Off                ; Off                      ;
; Ignore ROW GLOBAL Buffers                                                  ; Off                ; Off                      ;
; Ignore LCELL Buffers                                                       ; Off                ; Off                      ;
; Ignore SOFT Buffers                                                        ; On                 ; On                       ;
; Limit AHDL Integers to 32 Bits                                             ; Off                ; Off                      ;
; Optimization Technique                                                     ; Balanced           ; Balanced                 ;
; Carry Chain Length                                                         ; 70                 ; 70                       ;
; Auto Carry Chains                                                          ; On                 ; On                       ;
; Auto Open-Drain Pins                                                       ; On                 ; On                       ;
; Perform WYSIWYG Primitive Resynthesis                                      ; Off                ; Off                      ;
; Auto ROM Replacement                                                       ; On                 ; On                       ;
; Auto RAM Replacement                                                       ; On                 ; On                       ;
; Auto Shift Register Replacement                                            ; Auto               ; Auto                     ;
; Allow Shift Register Merging across Hierarchies                            ; Auto               ; Auto                     ;
; Auto Clock Enable Replacement                                              ; On                 ; On                       ;
; Strict RAM Replacement                                                     ; Off                ; Off                      ;
; Allow Synchronous Control Signals                                          ; On                 ; On                       ;
; Force Use of Synchronous Clear Signals                                     ; Off                ; Off                      ;
; Auto RAM to Logic Cell Conversion                                          ; Off                ; Off                      ;
; Auto Resource Sharing                                                      ; Off                ; Off                      ;
; Allow Any RAM Size For Recognition                                         ; Off                ; Off                      ;
; Allow Any ROM Size For Recognition                                         ; Off                ; Off                      ;
; Allow Any Shift Register Size For Recognition                              ; Off                ; Off                      ;
; Use LogicLock Constraints during Resource Balancing                        ; On                 ; On                       ;
; Ignore translate_off and synthesis_off directives                          ; Off                ; Off                      ;
; Timing-Driven Synthesis                                                    ; Off                ; Off                      ;
; Report Parameter Settings                                                  ; On                 ; On                       ;
; Report Source Assignments                                                  ; On                 ; On                       ;
; Report Connectivity Checks                                                 ; On                 ; On                       ;
; Ignore Maximum Fan-Out Assignments                                         ; Off                ; Off                      ;
; Synchronization Register Chain Length                                      ; 2                  ; 2                        ;
; PowerPlay Power Optimization                                               ; Normal compilation ; Normal compilation       ;
; HDL message level                                                          ; Level2             ; Level2                   ;
; Suppress Register Optimization Related Messages                            ; Off                ; Off                      ;
; Number of Removed Registers Reported in Synthesis Report                   ; 5000               ; 5000                     ;
; Number of Swept Nodes Reported in Synthesis Report                         ; 5000               ; 5000                     ;
; Number of Inverted Registers Reported in Synthesis Report                  ; 100                ; 100                      ;
; Clock MUX Protection                                                       ; On                 ; On                       ;
; Auto Gated Clock Conversion                                                ; Off                ; Off                      ;
; Block Design Naming                                                        ; Auto               ; Auto                     ;
; SDC constraint protection                                                  ; Off                ; Off                      ;
; Synthesis Effort                                                           ; Auto               ; Auto                     ;
; Shift Register Replacement - Allow Asynchronous Clear Signal               ; On                 ; On                       ;
; Pre-Mapping Resynthesis Optimization                                       ; Off                ; Off                      ;
; Analysis & Synthesis Message Level                                         ; Medium             ; Medium                   ;
; Disable Register Merging Across Hierarchies                                ; Auto               ; Auto                     ;
; Resource Aware Inference For Block RAM                                     ; On                 ; On                       ;
; Synthesis Seed                                                             ; 1                  ; 1                        ;
+----------------------------------------------------------------------------+--------------------+--------------------------+


Parallel compilation was disabled, but you have multiple processors available. Enable parallel compilation to reduce compilation time.
+-------------------------------------+
; Parallel Compilation                ;
+----------------------------+--------+
; Processors                 ; Number ;
+----------------------------+--------+
; Number detected on machine ; 4      ;
; Maximum allowed            ; 1      ;
+----------------------------+--------+


+------------------------------------------------------------------------------------------------------------------------------------------------------------+
; Analysis & Synthesis Source Files Read                                                                                                                     ;
+----------------------------------+-----------------+------------------------+--------------------------------------------------------------------+---------+
; File Name with User-Entered Path ; Used in Netlist ; File Type              ; File Name with Absolute Path                                       ; Library ;
+----------------------------------+-----------------+------------------------+--------------------------------------------------------------------+---------+
; Top.v                            ; yes             ; User Verilog HDL File  ; C:/Users/facun/Desktop/Proyecto-Final-TD1/Quartus/Top.v            ;         ;
; BCD_7segmentos.v                 ; yes             ; User Verilog HDL File  ; C:/Users/facun/Desktop/Proyecto-Final-TD1/Quartus/BCD_7segmentos.v ;         ;
; Drv_display.v                    ; yes             ; User Verilog HDL File  ; C:/Users/facun/Desktop/Proyecto-Final-TD1/Quartus/Drv_display.v    ;         ;
; Driver_teclado.v                 ; yes             ; User Verilog HDL File  ; C:/Users/facun/Desktop/Proyecto-Final-TD1/Quartus/Driver_teclado.v ;         ;
; FSM.v                            ; yes             ; User Verilog HDL File  ; C:/Users/facun/Desktop/Proyecto-Final-TD1/Quartus/FSM.v            ;         ;
; Memoria_RGB.v                    ; yes             ; User Verilog HDL File  ; C:/Users/facun/Desktop/Proyecto-Final-TD1/Quartus/Memoria_RGB.v    ;         ;
; Temporizador.v                   ; yes             ; User Verilog HDL File  ; C:/Users/facun/Desktop/Proyecto-Final-TD1/Quartus/Temporizador.v   ;         ;
; Filtro_Rebote.v                  ; yes             ; User Verilog HDL File  ; C:/Users/facun/Desktop/Proyecto-Final-TD1/Quartus/Filtro_Rebote.v  ;         ;
+----------------------------------+-----------------+------------------------+--------------------------------------------------------------------+---------+


+-----------------------------------------------------+
; Analysis & Synthesis Resource Usage Summary         ;
+---------------------------------------------+-------+
; Resource                                    ; Usage ;
+---------------------------------------------+-------+
; Estimated Total logic elements              ; 169   ;
;                                             ;       ;
; Total combinational functions               ; 162   ;
; Logic element usage by number of LUT inputs ;       ;
;     -- 4 input functions                    ; 92    ;
;     -- 3 input functions                    ; 19    ;
;     -- <=2 input functions                  ; 51    ;
;                                             ;       ;
; Logic elements by mode                      ;       ;
;     -- normal mode                          ; 131   ;
;     -- arithmetic mode                      ; 31    ;
;                                             ;       ;
; Total registers                             ; 76    ;
;     -- Dedicated logic registers            ; 76    ;
;     -- I/O registers                        ; 0     ;
;                                             ;       ;
; I/O pins                                    ; 24    ;
; Embedded Multiplier 9-bit elements          ; 0     ;
; Maximum fan-out node                        ; clk   ;
; Maximum fan-out                             ; 76    ;
; Total fan-out                               ; 771   ;
; Average fan-out                             ; 2.94  ;
+---------------------------------------------+-------+


+--------------------------------------------------------------------------------------------------------------------------------------------------------------------------------------------------------------+
; Analysis & Synthesis Resource Utilization by Entity                                                                                                                                                          ;
+---------------------------------+-------------------+--------------+-------------+--------------+---------+-----------+------+--------------+-------------------------------------------------+--------------+
; Compilation Hierarchy Node      ; LC Combinationals ; LC Registers ; Memory Bits ; DSP Elements ; DSP 9x9 ; DSP 18x18 ; Pins ; Virtual Pins ; Full Hierarchy Name                             ; Library Name ;
+---------------------------------+-------------------+--------------+-------------+--------------+---------+-----------+------+--------------+-------------------------------------------------+--------------+
; |Top                            ; 162 (0)           ; 76 (0)       ; 0           ; 0            ; 0       ; 0         ; 24   ; 0            ; |Top                                            ; work         ;
;    |Driver_teclado:teclado|     ; 34 (34)           ; 10 (10)      ; 0           ; 0            ; 0       ; 0         ; 0    ; 0            ; |Top|Driver_teclado:teclado                     ; work         ;
;    |Drv_display:display|        ; 29 (14)           ; 2 (2)        ; 0           ; 0            ; 0       ; 0         ; 0    ; 0            ; |Top|Drv_display:display                        ; work         ;
;       |BCD_7segmentos:Decoder|  ; 15 (15)           ; 0 (0)        ; 0           ; 0            ; 0       ; 0         ; 0    ; 0            ; |Top|Drv_display:display|BCD_7segmentos:Decoder ; work         ;
;    |FSM:fsm|                    ; 6 (6)             ; 5 (5)        ; 0           ; 0            ; 0       ; 0         ; 0    ; 0            ; |Top|FSM:fsm                                    ; work         ;
;    |Filtro_Rebote:filtro_enter| ; 44 (44)           ; 33 (33)      ; 0           ; 0            ; 0       ; 0         ; 0    ; 0            ; |Top|Filtro_Rebote:filtro_enter                 ; work         ;
;    |Memoria_RGB:memoria_RGB|    ; 18 (18)           ; 18 (18)      ; 0           ; 0            ; 0       ; 0         ; 0    ; 0            ; |Top|Memoria_RGB:memoria_RGB                    ; work         ;
;    |Temporizador:timer|         ; 31 (31)           ; 8 (8)        ; 0           ; 0            ; 0       ; 0         ; 0    ; 0            ; |Top|Temporizador:timer                         ; work         ;
+---------------------------------+-------------------+--------------+-------------+--------------+---------+-----------+------+--------------+-------------------------------------------------+--------------+
Note: For table entries with two numbers listed, the numbers in parentheses indicate the number of resources of the given type used by the specific entity alone. The numbers listed outside of parentheses indicate the total resources of the given type used by the specific entity and all of its sub-entities in the hierarchy.


Encoding Type:  One-Hot
+------------------------------------------------------------------------------------------------+
; State Machine - |Top|FSM:fsm|estado                                                            ;
+----------------+----------------+----------------+---------------+------------+----------------+
; Name           ; estado.carga_B ; estado.carga_Y ; estado.espera ; estado.000 ; estado.carga_R ;
+----------------+----------------+----------------+---------------+------------+----------------+
; estado.000     ; 0              ; 0              ; 0             ; 0          ; 0              ;
; estado.espera  ; 0              ; 0              ; 1             ; 1          ; 0              ;
; estado.carga_R ; 0              ; 0              ; 0             ; 1          ; 1              ;
; estado.carga_Y ; 0              ; 1              ; 0             ; 1          ; 0              ;
; estado.carga_B ; 1              ; 0              ; 0             ; 1          ; 0              ;
+----------------+----------------+----------------+---------------+------------+----------------+


Encoding Type:  One-Hot
+----------------------------------------------------------------------------------------------+
; State Machine - |Top|Temporizador:timer|RGB_count                                            ;
+-------------------+-------------------+-------------------+-------------------+--------------+
; Name              ; RGB_count.G_count ; RGB_count.B_count ; RGB_count.R_count ; RGB_count.00 ;
+-------------------+-------------------+-------------------+-------------------+--------------+
; RGB_count.00      ; 0                 ; 0                 ; 0                 ; 0            ;
; RGB_count.R_count ; 0                 ; 0                 ; 1                 ; 1            ;
; RGB_count.B_count ; 0                 ; 1                 ; 0                 ; 1            ;
; RGB_count.G_count ; 1                 ; 0                 ; 0                 ; 1            ;
+-------------------+-------------------+-------------------+-------------------+--------------+


+------------------------------------------------------------+
; Registers Removed During Synthesis                         ;
+---------------------------------------+--------------------+
; Register name                         ; Reason for Removal ;
+---------------------------------------+--------------------+
; FSM:fsm|estado~4                      ; Lost fanout        ;
; FSM:fsm|estado~6                      ; Lost fanout        ;
; Temporizador:timer|RGB_count~6        ; Lost fanout        ;
; Temporizador:timer|RGB_count~7        ; Lost fanout        ;
; Total Number of Removed Registers = 4 ;                    ;
+---------------------------------------+--------------------+


+------------------------------------------------------+
; General Register Statistics                          ;
+----------------------------------------------+-------+
; Statistic                                    ; Value ;
+----------------------------------------------+-------+
; Total registers                              ; 76    ;
; Number of registers using Synchronous Clear  ; 32    ;
; Number of registers using Synchronous Load   ; 0     ;
; Number of registers using Asynchronous Clear ; 23    ;
; Number of registers using Asynchronous Load  ; 0     ;
; Number of registers using Clock Enable       ; 22    ;
; Number of registers using Preset             ; 0     ;
+----------------------------------------------+-------+


+--------------------------------------------------+
; Inverted Register Statistics                     ;
+----------------------------------------+---------+
; Inverted Register                      ; Fan out ;
+----------------------------------------+---------+
; Memoria_RGB:memoria_RGB|u[4]           ; 5       ;
; Memoria_RGB:memoria_RGB|c[4]           ; 6       ;
; Memoria_RGB:memoria_RGB|d[4]           ; 13      ;
; Total number of inverted registers = 3 ;         ;
+----------------------------------------+---------+


+-----------------------------------------------------------------------------------------------------------------------------------------------------------+
; Multiplexer Restructuring Statistics (Restructuring Performed)                                                                                            ;
+--------------------+-----------+---------------+----------------------+------------------------+------------+---------------------------------------------+
; Multiplexer Inputs ; Bus Width ; Baseline Area ; Area if Restructured ; Saving if Restructured ; Registered ; Example Multiplexer Output                  ;
+--------------------+-----------+---------------+----------------------+------------------------+------------+---------------------------------------------+
; 3:1                ; 32 bits   ; 64 LEs        ; 32 LEs               ; 32 LEs                 ; Yes        ; |Top|Filtro_Rebote:filtro_enter|counter[26] ;
; 8:1                ; 2 bits    ; 10 LEs        ; 4 LEs                ; 6 LEs                  ; Yes        ; |Top|Memoria_RGB:memoria_RGB|sel[2]         ;
; 5:1                ; 4 bits    ; 12 LEs        ; 4 LEs                ; 8 LEs                  ; Yes        ; |Top|Memoria_RGB:memoria_RGB|c[3]           ;
; 5:1                ; 4 bits    ; 12 LEs        ; 4 LEs                ; 8 LEs                  ; Yes        ; |Top|Memoria_RGB:memoria_RGB|d[3]           ;
; 7:1                ; 4 bits    ; 16 LEs        ; 4 LEs                ; 12 LEs                 ; Yes        ; |Top|Temporizador:timer|contador[2]         ;
; 4:1                ; 5 bits    ; 10 LEs        ; 10 LEs               ; 0 LEs                  ; No         ; |Top|Drv_display:display|Mux2               ;
; 7:1                ; 2 bits    ; 8 LEs         ; 6 LEs                ; 2 LEs                  ; No         ; |Top|Temporizador:timer|Selector3           ;
; 7:1                ; 2 bits    ; 8 LEs         ; 4 LEs                ; 4 LEs                  ; No         ; |Top|Temporizador:timer|Selector1           ;
+--------------------+-----------+---------------+----------------------+------------------------+------------+---------------------------------------------+


+---------------------------------------------------------------------+
; Parameter Settings for User Entity Instance: Driver_teclado:teclado ;
+----------------+-------+--------------------------------------------+
; Parameter Name ; Value ; Type                                       ;
+----------------+-------+--------------------------------------------+
; fila_1         ; 0001  ; Unsigned Binary                            ;
; col_1          ; 0001  ; Unsigned Binary                            ;
; fila_2         ; 0010  ; Unsigned Binary                            ;
; col_2          ; 0010  ; Unsigned Binary                            ;
; fila_3         ; 0100  ; Unsigned Binary                            ;
; col_3          ; 0100  ; Unsigned Binary                            ;
; fila_4         ; 1000  ; Unsigned Binary                            ;
; col_4          ; 1000  ; Unsigned Binary                            ;
+----------------+-------+--------------------------------------------+
Note: In order to hide this table in the UI and the text report file, please set the "Show Parameter Settings in Synthesis Report" option in "Analysis and Synthesis Settings -> More Settings" to "Off".


+-----------------------------------------------------------------+
; Parameter Settings for User Entity Instance: Temporizador:timer ;
+----------------+-------+----------------------------------------+
; Parameter Name ; Value ; Type                                   ;
+----------------+-------+----------------------------------------+
; r              ; 10    ; Unsigned Binary                        ;
; g              ; 01    ; Unsigned Binary                        ;
; b              ; 00    ; Unsigned Binary                        ;
; start          ; 00    ; Unsigned Binary                        ;
; R_count        ; 01    ; Unsigned Binary                        ;
; G_count        ; 11    ; Unsigned Binary                        ;
; B_count        ; 10    ; Unsigned Binary                        ;
+----------------+-------+----------------------------------------+
Note: In order to hide this table in the UI and the text report file, please set the "Show Parameter Settings in Synthesis Report" option in "Analysis and Synthesis Settings -> More Settings" to "Off".


+-------------------------------------------------------------------------+
; Parameter Settings for User Entity Instance: Filtro_Rebote:filtro_enter ;
+----------------+----------------------------------+---------------------+
; Parameter Name ; Value                            ; Type                ;
+----------------+----------------------------------+---------------------+
; duracion_ms    ; 00000000000000000000000000010100 ; Unsigned Binary     ;
+----------------+----------------------------------+---------------------+
Note: In order to hide this table in the UI and the text report file, please set the "Show Parameter Settings in Synthesis Report" option in "Analysis and Synthesis Settings -> More Settings" to "Off".


+------------------------------------------------------+
; Parameter Settings for User Entity Instance: FSM:fsm ;
+----------------+-------+-----------------------------+
; Parameter Name ; Value ; Type                        ;
+----------------+-------+-----------------------------+
; r              ; 10    ; Unsigned Binary             ;
; g              ; 01    ; Unsigned Binary             ;
; b              ; 00    ; Unsigned Binary             ;
; lectura        ; 000   ; Unsigned Binary             ;
; espera         ; 001   ; Unsigned Binary             ;
; carga_R        ; 011   ; Unsigned Binary             ;
; carga_Y        ; 100   ; Unsigned Binary             ;
; carga_B        ; 101   ; Unsigned Binary             ;
+----------------+-------+-----------------------------+
Note: In order to hide this table in the UI and the text report file, please set the "Show Parameter Settings in Synthesis Report" option in "Analysis and Synthesis Settings -> More Settings" to "Off".


+-------------------------------+
; Elapsed Time Per Partition    ;
+----------------+--------------+
; Partition Name ; Elapsed Time ;
+----------------+--------------+
; Top            ; 00:00:00     ;
+----------------+--------------+


+-------------------------------+
; Analysis & Synthesis Messages ;
+-------------------------------+
Info: *******************************************************************
Info: Running Quartus II 64-Bit Analysis & Synthesis
    Info: Version 13.0.1 Build 232 06/12/2013 Service Pack 1 SJ Web Edition
    Info: Processing started: Fri Feb 19 22:21:45 2021
Info: Command: quartus_map --read_settings_files=on --write_settings_files=off Dosificador-Tintometrico -c Dosificador-Tintometrico
Warning (20028): Parallel compilation is not licensed and has been disabled
Info (12021): Found 1 design units, including 1 entities, in source file top.v
    Info (12023): Found entity 1: Top
Info (12021): Found 1 design units, including 1 entities, in source file bcd_7segmentos.v
    Info (12023): Found entity 1: BCD_7segmentos
Info (12021): Found 1 design units, including 1 entities, in source file clock_divider.v
    Info (12023): Found entity 1: Clock_Divider
Info (12021): Found 1 design units, including 1 entities, in source file drv_display.v
    Info (12023): Found entity 1: Drv_display
Info (12021): Found 1 design units, including 1 entities, in source file driver_teclado.v
    Info (12023): Found entity 1: Driver_teclado
Info (12021): Found 1 design units, including 1 entities, in source file fsm.v
    Info (12023): Found entity 1: FSM
Info (12021): Found 1 design units, including 1 entities, in source file memoria_rgb.v
    Info (12023): Found entity 1: Memoria_RGB
Info (12021): Found 1 design units, including 1 entities, in source file temporizador.v
    Info (12023): Found entity 1: Temporizador
Info (12021): Found 1 design units, including 1 entities, in source file filtro_rebote.v
    Info (12023): Found entity 1: Filtro_Rebote
Info (12127): Elaborating entity "Top" for the top level hierarchy
Info (12128): Elaborating entity "Driver_teclado" for hierarchy "Driver_teclado:teclado"
Info (10264): Verilog HDL Case Statement information at Driver_teclado.v(39): all case item expressions in this case statement are onehot
Info (10264): Verilog HDL Case Statement information at Driver_teclado.v(48): all case item expressions in this case statement are onehot
Info (10264): Verilog HDL Case Statement information at Driver_teclado.v(57): all case item expressions in this case statement are onehot
Info (10264): Verilog HDL Case Statement information at Driver_teclado.v(66): all case item expressions in this case statement are onehot
Info (10264): Verilog HDL Case Statement information at Driver_teclado.v(37): all case item expressions in this case statement are onehot
Info (12128): Elaborating entity "Memoria_RGB" for hierarchy "Memoria_RGB:memoria_RGB"
Info (12128): Elaborating entity "Temporizador" for hierarchy "Temporizador:timer"
Info (12128): Elaborating entity "Drv_display" for hierarchy "Drv_display:display"
Info (12128): Elaborating entity "BCD_7segmentos" for hierarchy "Drv_display:display|BCD_7segmentos:Decoder"
Info (12128): Elaborating entity "Filtro_Rebote" for hierarchy "Filtro_Rebote:filtro_enter"
Info (12128): Elaborating entity "FSM" for hierarchy "FSM:fsm"
Info (13000): Registers with preset signals will power-up high
Info (13003): DEV_CLRn pin will set, and not reset, register with preset signal due to NOT Gate Push-Back
Info (17049): 4 registers lost all their fanouts during netlist optimizations.
Info (16010): Generating hard_block partition "hard_block:auto_generated_inst"
    Info (16011): Adding 0 node(s), including 0 DDIO, 0 PLL, 0 transceiver and 0 LCELL
Info (21057): Implemented 194 device resources after synthesis - the final resource count might be different
    Info (21058): Implemented 7 input pins
    Info (21059): Implemented 17 output pins
    Info (21061): Implemented 170 logic cells
Info: Quartus II 64-Bit Analysis & Synthesis was successful. 0 errors, 1 warning
    Info: Peak virtual memory: 4605 megabytes
    Info: Processing ended: Fri Feb 19 22:21:47 2021
    Info: Elapsed time: 00:00:02
    Info: Total CPU time (on all processors): 00:00:02


